<?xml version="1.0" encoding="UTF-8"?>
<!-- Generated by org.testng.reporters.JUnitXMLReporter -->
<testsuite ignored="0" hostname="LAPTOP-F5R54LF3" failures="0" tests="6" name="Default test" time="14.028" errors="0" timestamp="2024-02-09T19:32:12 IST">
  <testcase classname="api.test.DDTests" name="testPostuser" time="3.268"/>
  <testcase classname="api.test.DDTests" name="testPostuser" time="1.152"/>
  <testcase classname="api.test.DDTests" name="testPostuser" time="1.203"/>
  <testcase classname="api.test.DDTests" name="testDeleteUserByName" time="1.526"/>
  <testcase classname="api.test.DDTests" name="testDeleteUserByName" time="1.703"/>
  <testcase classname="api.test.DDTests" name="testDeleteUserByName" time="4.05"/>
</testsuite> <!-- Default test -->
