<?xml version="1.0" encoding="UTF-8"?>
<!-- Generated by org.testng.reporters.JUnitXMLReporter -->
<testsuite ignored="0" hostname="LAPTOP-F5R54LF3" failures="0" tests="4" name="PetTests" time="10.905" errors="0" timestamp="2024-02-10T14:16:53 IST">
  <testcase classname="api.test.UserTests2" name="testPostUser" time="3.497"/>
  <testcase classname="api.test.UserTests2" name="testGetUserByName" time="1.607"/>
  <testcase classname="api.test.UserTests2" name="testUpdateUserByName" time="3.265"/>
  <testcase classname="api.test.UserTests2" name="testDeleteUserByName" time="1.632"/>
</testsuite> <!-- PetTests -->
